<?xml version="1.0" encoding="UTF-8"?>
<testsuite name="automationtesting.navegacionframes.TestUnFrame" tests="1" skipped="0" failures="0" errors="0" timestamp="2020-09-24T02:49:57" hostname="DESKTOP-H0N5B2Q" time="15.001">
  <properties/>
  <testcase name="ingresarAUnFrame" classname="automationtesting.navegacionframes.TestUnFrame" time="15.001"/>
  <system-out><![CDATA[]]></system-out>
  <system-err><![CDATA[Starting ChromeDriver 84.0.4147.30 (48b3e868b4cc0aa7e8149519690b6f6949e110a8-refs/branch-heads/4147@{#310}) on port 32096
Only local connections are allowed.
Please see https://chromedriver.chromium.org/security-considerations for suggestions on keeping ChromeDriver safe.
ChromeDriver was started successfully.
sep 23, 2020 9:50:01 PM org.openqa.selenium.remote.ProtocolHandshake createSession
INFORMACIÓN: Detected dialect: W3C
]]></system-err>
</testsuite>
